C51 COMPILER V9.60.7.0   MAIN                                                              03/12/2024 15:31:25 PAGE 1   


C51 COMPILER V9.60.7.0, COMPILATION OF MODULE MAIN
OBJECT MODULE PLACED IN .\Objects\main.obj
COMPILER INVOKED BY: F:\Embedded Development\EKIL51\C51\BIN\C51.EXE main.c OPTIMIZE(8,SPEED) BROWSE DEBUG OBJECTEXTEND P
                    -RINT(.\Listings\main.lst) TABS(2) OBJECT(.\Objects\main.obj)

line level    source

   1          #include <REGX52.H>
   2          
   3          void Delay(unsigned int xms)
   4          {
   5   1        unsigned char i, j;
   6   1        while(xms--)
   7   1        {
   8   2          i = 2;
   9   2          j = 199;
  10   2          do
  11   2          {
  12   3            while (--j);
  13   3          } while (--i);
  14   2        }
  15   1      }
  16            
  17          
  18          void Nixie(unsigned char Location,Number)
  19          {
  20   1        unsigned char NixieTable[]={0x3F,0x06,0x5B,0x4F,0x66,0x6D,0x7D,0x07,0x7F,0x6F};
  21   1        switch(Location)
  22   1        {
  23   2          case 1:P2_4=1;P2_3=1;P2_2=1;break;
  24   2          case 2:P2_4=1;P2_3=1;P2_2=0;break;
  25   2          case 3:P2_4=1;P2_3=0;P2_2=1;break;
  26   2          case 4:P2_4=1;P2_3=0;P2_2=0;break;
  27   2          case 5:P2_4=0;P2_3=1;P2_2=1;break;
  28   2          case 6:P2_4=0;P2_3=1;P2_2=0;break;
  29   2          case 7:P2_4=0;P2_3=0;P2_2=1;break;
  30   2          case 8:P2_4=0;P2_3=0;P2_2=0;break;
  31   2        }
  32   1        P0=NixieTable[Number];
  33   1        Delay(1);
  34   1        P0=0x00;
  35   1      }
  36          
  37          void main()
  38          {
  39   1        while(1)
  40   1        {
  41   2          Nixie(1,1);
  42   2          Delay(20);
  43   2          Nixie(2,2);
  44   2          Delay(20);
  45   2          Nixie(3,3);
  46   2          Delay(20);
  47   2          Nixie(4,4);
  48   2          Delay(20);
  49   2        }
  50   1      }


MODULE INFORMATION:   STATIC OVERLAYABLE
   CODE SIZE        =    211    ----
C51 COMPILER V9.60.7.0   MAIN                                                              03/12/2024 15:31:25 PAGE 2   

   CONSTANT SIZE    =     10    ----
   XDATA SIZE       =   ----    ----
   PDATA SIZE       =   ----    ----
   DATA SIZE        =   ----      13
   IDATA SIZE       =   ----    ----
   BIT SIZE         =   ----    ----
END OF MODULE INFORMATION.


C51 COMPILATION COMPLETE.  0 WARNING(S),  0 ERROR(S)
