C51 COMPILER V9.60.7.0   MAIN                                                              03/09/2024 14:16:56 PAGE 1   


C51 COMPILER V9.60.7.0, COMPILATION OF MODULE MAIN
OBJECT MODULE PLACED IN .\Objects\main.obj
COMPILER INVOKED BY: F:\Embedded Development\EKIL51\C51\BIN\C51.EXE main.c OPTIMIZE(8,SPEED) BROWSE DEBUG OBJECTEXTEND P
                    -RINT(.\Listings\main.lst) TABS(2) OBJECT(.\Objects\main.obj)

line level    source

   1          #include <REGX52.H>
   2          
   3          void Delay(unsigned int xms)
   4          {
   5   1        unsigned char i, j;
   6   1        while(xms--)
   7   1        {
   8   2          i = 2;
   9   2          j = 199;
  10   2        do
  11   2        {
  12   3          while (--j);
  13   3        } while (--i);
  14   2        }
  15   1      }
  16          
  17          unsigned char LEDNum=0;
  18          void main()
  19          {
  20   1        P2=~0x01;
  21   1        while(1) 
  22   1        {
  23   2          if(P3_1==0)
  24   2          {
  25   3            Delay(20);
  26   3            while(P3_1==0);
  27   3            Delay(20);
  28   3            
  29   3            LEDNum++;
  30   3            if(LEDNum>=8)
  31   3              LEDNum=0;
  32   3            P2=~(0x01<<LEDNum);
  33   3          }
  34   2          if(P3_0==0)
  35   2          {
  36   3            Delay(20);
  37   3            while(P3_0==0);
  38   3            Delay(20);
  39   3            
  40   3            if(LEDNum==0)
  41   3              LEDNum=7;
  42   3            else
  43   3              LEDNum--;
  44   3              P2=~(0x01<<LEDNum);
  45   3          }
  46   2          if(P3_2==0)
  47   2          { 
  48   3            Delay(20);
  49   3            while(P3_2==0);
  50   3            Delay(20);
  51   3              
  52   3            LEDNum++; 
  53   3            P2=~LEDNum;
  54   3          }
C51 COMPILER V9.60.7.0   MAIN                                                              03/09/2024 14:16:56 PAGE 2   

  55   2          if(P3_3==0)
  56   2          {
  57   3            Delay(20);
  58   3            while(P3_3==0);
  59   3            Delay(20);
  60   3            while(P3_0==1)
  61   3            {
  62   4              Delay(20);
  63   4              while(P3_0==0);
  64   4              Delay(20);
  65   4              
  66   4              LEDNum++;
  67   4              if(LEDNum>=8)
  68   4              LEDNum=0;
  69   4              Delay(200);
  70   4              P2=~(0x01<<LEDNum);
  71   4            }
  72   3          }
  73   2        }
  74   1      } 
  75          


MODULE INFORMATION:   STATIC OVERLAYABLE
   CODE SIZE        =    187    ----
   CONSTANT SIZE    =   ----    ----
   XDATA SIZE       =   ----    ----
   PDATA SIZE       =   ----    ----
   DATA SIZE        =      1    ----
   IDATA SIZE       =   ----    ----
   BIT SIZE         =   ----    ----
END OF MODULE INFORMATION.


C51 COMPILATION COMPLETE.  0 WARNING(S),  0 ERROR(S)
