C51 COMPILER V9.54   DS1302                                                                05/24/2024 23:36:56 PAGE 1   


C51 COMPILER V9.54, COMPILATION OF MODULE DS1302
OBJECT MODULE PLACED IN .\Objects\DS1302.obj
COMPILER INVOKED BY: E:\Embedded\EKIL51\C51\BIN\C51.EXE DS1302.c OPTIMIZE(8,SPEED) BROWSE DEBUG OBJECTEXTEND PRINT(.\Lis
                    -tings\DS1302.lst) TABS(2) OBJECT(.\Objects\DS1302.obj)

line level    source

   1          #include <REGX52.H>
   2          
   3          sbit DS1302_SCLK=P3^6;
   4          sbit DS1302_IO=P3^4;
   5          sbit DS1302_CE=P3^5;
   6          
   7          void DS1302_Init(void)
   8          {
   9   1          DS1302_CE=0;
  10   1          DS1302_SCLK=0;
  11   1      }
  12          
  13          void DS1302_WriteByte(unsigned char Command,Data)
  14          {
  15   1          unsigned char i;
  16   1          DS1302_CE=1;
  17   1      
  18   1          for(i=0;i<8;i++)
  19   1          {
  20   2              DS1302_IO=Command&(0x01<<i);
  21   2              DS1302_SCLK=1;
  22   2              DS1302_SCLK=0;
  23   2          }
  24   1      
  25   1          
  26   1          for(i=0;i<8;i++)
  27   1          {
  28   2              DS1302_IO=Data&(0x01<<i);
  29   2              DS1302_SCLK=1;
  30   2              DS1302_SCLK=0;
  31   2          }
  32   1          DS1302_CE=0;
  33   1      }
  34          
  35          unsigned char DS1302_ReadByte(unsigned char Command)
  36          {
  37   1          unsigned char i,Data=0x00;
  38   1          DS1302_CE=1;
  39   1      
  40   1          for(i=0;i<8;i++)
  41   1          {
  42   2              DS1302_IO=Command&(0x01<<i); 
  43   2              DS1302_SCLK=0;
  44   2              DS1302_SCLK=1;
  45   2          }
  46   1          for(i=0;i<8;i++)
  47   1          {
  48   2              DS1302_SCLK=1;
  49   2              DS1302_SCLK=0;
  50   2              if(DS1302_IO){Data|=(0x01<<i);}
  51   2          }
  52   1          DS1302_CE=0;
  53   1          DS1302_IO=0;
  54   1          return Data;
C51 COMPILER V9.54   DS1302                                                                05/24/2024 23:36:56 PAGE 2   

  55   1      }


MODULE INFORMATION:   STATIC OVERLAYABLE
   CODE SIZE        =    167    ----
   CONSTANT SIZE    =   ----    ----
   XDATA SIZE       =   ----    ----
   PDATA SIZE       =   ----    ----
   DATA SIZE        =   ----       2
   IDATA SIZE       =   ----    ----
   BIT SIZE         =   ----    ----
END OF MODULE INFORMATION.


C51 COMPILATION COMPLETE.  0 WARNING(S),  0 ERROR(S)
