C51 COMPILER V9.54   MAIN                                                                  05/24/2024 23:57:29 PAGE 1   


C51 COMPILER V9.54, COMPILATION OF MODULE MAIN
OBJECT MODULE PLACED IN .\Objects\main.obj
COMPILER INVOKED BY: E:\Embedded\EKIL51\C51\BIN\C51.EXE main.c OPTIMIZE(8,SPEED) BROWSE DEBUG OBJECTEXTEND PRINT(.\Listi
                    -ngs\main.lst) TABS(2) OBJECT(.\Objects\main.obj)

line level    source

   1          #include <REGX52.H>
   2          #include "LCD1602.h"
   3          #include "DS1302.h"
   4          #include "Delay.h"
   5          
   6          unsigned char Second;
   7          
   8          void main()
   9          {
  10   1          LCD_Init();
  11   1          DS1302_Init();
  12   1          LCD_ShowString(1,1,"RTC");
  13   1          DS1302_WriteByte(0x8E,0x00);
  14   1          
  15   1          DS1302_WriteByte(0x80,0x07);
  16   1          while(1)
  17   1          {
  18   2              Second=DS1302_ReadByte(0x81);
  19   2              LCD_ShowNum(2,1,Second/16*10+Second%16,3);
  20   2              Delay(50);
  21   2          }
  22   1      }


MODULE INFORMATION:   STATIC OVERLAYABLE
   CODE SIZE        =     84    ----
   CONSTANT SIZE    =      4    ----
   XDATA SIZE       =   ----    ----
   PDATA SIZE       =   ----    ----
   DATA SIZE        =      1    ----
   IDATA SIZE       =   ----    ----
   BIT SIZE         =   ----    ----
END OF MODULE INFORMATION.


C51 COMPILATION COMPLETE.  0 WARNING(S),  0 ERROR(S)
