C51 COMPILER V9.60.7.0   MAIN                                                              03/14/2024 22:50:17 PAGE 1   


C51 COMPILER V9.60.7.0, COMPILATION OF MODULE MAIN
OBJECT MODULE PLACED IN .\Objects\main.obj
COMPILER INVOKED BY: F:\Embedded Development\EKIL51\C51\BIN\C51.EXE main.c OPTIMIZE(8,SPEED) BROWSE DEBUG OBJECTEXTEND P
                    -RINT(.\Listings\main.lst) TABS(2) OBJECT(.\Objects\main.obj)

line level    source

   1          #include <REGX52.H>
   2          #include "LCD1602.h"
   3          
   4          void main()
   5          {
   6   1          LCD_Init();
   7   1          LCD_ShowChar(1,1,'A');
   8   1          LCD_ShowString(1, 8,"Hello");
   9   1          LCD_ShowNum(1,9,123,3);
  10   1          LCD_ShowSignedNum(1,13,-66,2);
  11   1          LCD_ShowHexNum(2,1,0xA8,2);
  12   1          LCD_ShowBinNum(2,4,0xAA,8);
  13   1          while(1)
  14   1          {
  15   2            
  16   2          }
  17   1      }


MODULE INFORMATION:   STATIC OVERLAYABLE
   CODE SIZE        =     83    ----
   CONSTANT SIZE    =      6    ----
   XDATA SIZE       =   ----    ----
   PDATA SIZE       =   ----    ----
   DATA SIZE        =   ----    ----
   IDATA SIZE       =   ----    ----
   BIT SIZE         =   ----    ----
END OF MODULE INFORMATION.


C51 COMPILATION COMPLETE.  0 WARNING(S),  0 ERROR(S)
