C51 COMPILER V9.60.7.0   MAIN                                                              03/18/2024 00:58:30 PAGE 1   


C51 COMPILER V9.60.7.0, COMPILATION OF MODULE MAIN
OBJECT MODULE PLACED IN .\Objects\main.obj
COMPILER INVOKED BY: F:\Embedded Development\EKIL51\C51\BIN\C51.EXE main.c OPTIMIZE(8,SPEED) BROWSE DEBUG OBJECTEXTEND P
                    -RINT(.\Listings\main.lst) TABS(2) OBJECT(.\Objects\main.obj)

line level    source

   1          #include <REGX52.H>
   2          #include "Delay.h"
   3          #include "LCD1602.h"
   4          #include "MatrixKey.h"
   5          
   6          unsigned char KeyNum;
   7          
   8          void main()
   9          {
  10   1          LCD_Init();
  11   1          LCD_ShowString(1,1,"MatrixKey");
  12   1          while(1)
  13   1          {
  14   2            KeyNum=MatrixKey();
*** WARNING C206 IN LINE 14 OF main.c: 'MatrixKey': missing function-prototype
  15   2            if(KeyNum!=0)
  16   2            {
  17   3              LCD_ShowNum(2,1,KeyNum,2);
  18   3            } 
  19   2            
  20   2          }
  21   1      }


MODULE INFORMATION:   STATIC OVERLAYABLE
   CODE SIZE        =     40    ----
   CONSTANT SIZE    =     10    ----
   XDATA SIZE       =   ----    ----
   PDATA SIZE       =   ----    ----
   DATA SIZE        =      1    ----
   IDATA SIZE       =   ----    ----
   BIT SIZE         =   ----    ----
END OF MODULE INFORMATION.


C51 COMPILATION COMPLETE.  1 WARNING(S),  0 ERROR(S)
