C51 COMPILER V9.60.7.0   MAIN                                                              03/18/2024 11:24:46 PAGE 1   


C51 COMPILER V9.60.7.0, COMPILATION OF MODULE MAIN
OBJECT MODULE PLACED IN .\Objects\main.obj
COMPILER INVOKED BY: F:\Embedded Development\EKIL51\C51\BIN\C51.EXE main.c OPTIMIZE(8,SPEED) BROWSE DEBUG OBJECTEXTEND P
                    -RINT(.\Listings\main.lst) TABS(2) OBJECT(.\Objects\main.obj)

line level    source

   1          #include <REGX52.H>
   2          #include "Delay.h"
   3          #include "LCD1602.h"
   4          #include "MatrixKey.h"
   5          
   6          unsigned char KeyNum;
   7          unsigned int Password,Count;
   8          
   9          void main()
  10          {
  11   1          LCD_Init();
  12   1          LCD_ShowString(1,1,"Password:");
  13   1          while(1)
  14   1          {
  15   2            KeyNum=MatrixKey();
*** WARNING C206 IN LINE 15 OF main.c: 'MatrixKey': missing function-prototype
  16   2            if(KeyNum!=0)
  17   2            {
  18   3              if(KeyNum<=10)            //S1~S13
  19   3              {
  20   4                if(Count<4)             //输入次数4
  21   4                {
  22   5                  Password*=10;         //左移一位
  23   5                  Password+=KeyNum%10;  //获取密码
  24   5                  Count++;
  25   5                }
  26   4                LCD_ShowNum(2,1,Password,4);
  27   4              }
  28   3              if(KeyNum==14)           //S14确认
  29   3              {
  30   4                if(Password==2345)
  31   4                {
  32   5                  LCD_ShowString(1,13,"OK__");
  33   5                  Password=0;
  34   5                  Count=0;
  35   5                }
  36   4                else                //"错误"
  37   4                {
  38   5                  LCD_ShowString(1,13,"MISS");
  39   5                  Password=0;
  40   5                  Count=0;
  41   5                  Delay(800);
  42   5                  LCD_ShowNum(2,1,Password,4);
  43   5                }
  44   4              }
  45   3              if(KeyNum==15)         //S15取消键
  46   3              Password=0;
  47   3              Count=0;
  48   3              LCD_ShowNum(2,1,Password,4);
  49   3            } 
  50   2            
  51   2            
  52   2          }
  53   1      }
C51 COMPILER V9.60.7.0   MAIN                                                              03/18/2024 11:24:46 PAGE 2   



MODULE INFORMATION:   STATIC OVERLAYABLE
   CODE SIZE        =    210    ----
   CONSTANT SIZE    =     20    ----
   XDATA SIZE       =   ----    ----
   PDATA SIZE       =   ----    ----
   DATA SIZE        =      5    ----
   IDATA SIZE       =   ----    ----
   BIT SIZE         =   ----    ----
END OF MODULE INFORMATION.


C51 COMPILATION COMPLETE.  1 WARNING(S),  0 ERROR(S)
