C51 COMPILER V9.60.7.0   MATRIXKEY                                                         03/25/2024 17:17:17 PAGE 1   


C51 COMPILER V9.60.7.0, COMPILATION OF MODULE MATRIXKEY
OBJECT MODULE PLACED IN .\Objects\MatrixKey.obj
COMPILER INVOKED BY: F:\Embedded Development\EKIL51\C51\BIN\C51.EXE MatrixKey.c OPTIMIZE(8,SPEED) BROWSE DEBUG OBJECTEXT
                    -END PRINT(.\Listings\MatrixKey.lst) TABS(2) OBJECT(.\Objects\MatrixKey.obj)

line level    source

   1          #include <REGX52.H>
   2          #include "Delay.h"
   3          
   4          /**
   5            * @brief  矩阵键盘读取按钮键码
   6            * @param  无
   7            * @retval KeyNumber 按下按键的键码值
   8            */
   9          
  10          unsigned char Matrixkey()
  11          {
  12   1        unsigned char KeyNumber=0;
  13   1          
  14   1        P1=0xFE;//1111 1110
  15   1        P1_3=0;
  16   1        if(P1_7==0){Delay(20);while(P1_7==0);Delay(20);KeyNumber=1;}
  17   1        if(P1_6==0){Delay(20);while(P1_6==0);Delay(20);KeyNumber=4;}
  18   1        if(P1_5==0){Delay(20);while(P1_5==0);Delay(20);KeyNumber=7;}
  19   1        if(P1_4==0){Delay(20);while(P1_4==0);Delay(20);KeyNumber=10;}
  20   1        
  21   1        P1=0xFE;
  22   1        P1_2=0;
  23   1        if(P1_7==0){Delay(20);while(P1_7==0);Delay(20);KeyNumber=2;}
  24   1        if(P1_6==0){Delay(20);while(P1_6==0);Delay(20);KeyNumber=5;}
  25   1        if(P1_5==0){Delay(20);while(P1_5==0);Delay(20);KeyNumber=8;}
  26   1        if(P1_4==0){Delay(20);while(P1_4==0);Delay(20);KeyNumber=14;}
  27   1        
  28   1        P1=0xFE;
  29   1        P1_1=0;
  30   1        if(P1_7==0){Delay(20);while(P1_7==0);Delay(20);KeyNumber=3;}
  31   1        if(P1_6==0){Delay(20);while(P1_6==0);Delay(20);KeyNumber=6;}
  32   1        if(P1_5==0){Delay(20);while(P1_5==0);Delay(20);KeyNumber=9;}
  33   1        if(P1_4==0){Delay(20);while(P1_4==0);Delay(20);KeyNumber=15;}
  34   1        
  35   1        P1=0xFE;
  36   1        P1_0=0;
  37   1        if(P1_7==0){Delay(20);while(P1_7==0);Delay(20);KeyNumber=4;}
  38   1        if(P1_6==0){Delay(20);while(P1_6==0);Delay(20);KeyNumber=8;}
  39   1        if(P1_5==0){Delay(20);while(P1_5==0);Delay(20);KeyNumber=12;}
  40   1        if(P1_4==0){Delay(20);while(P1_4==0);Delay(20);KeyNumber=16;}
  41   1        
  42   1          return KeyNumber;
  43   1      }


MODULE INFORMATION:   STATIC OVERLAYABLE
   CODE SIZE        =    393    ----
   CONSTANT SIZE    =   ----    ----
   XDATA SIZE       =   ----    ----
   PDATA SIZE       =   ----    ----
   DATA SIZE        =   ----       1
   IDATA SIZE       =   ----    ----
   BIT SIZE         =   ----    ----
END OF MODULE INFORMATION.

C51 COMPILER V9.60.7.0   MATRIXKEY                                                         03/25/2024 17:17:17 PAGE 2   


C51 COMPILATION COMPLETE.  0 WARNING(S),  0 ERROR(S)
