C51 COMPILER V9.60.7.0   MAIN                                                              04/08/2024 02:19:35 PAGE 1   


C51 COMPILER V9.60.7.0, COMPILATION OF MODULE MAIN
OBJECT MODULE PLACED IN .\Objects\main.obj
COMPILER INVOKED BY: F:\Embedded Development\EKIL51\C51\BIN\C51.EXE main.c OPTIMIZE(8,SPEED) BROWSE DEBUG OBJECTEXTEND P
                    -RINT(.\Listings\main.lst) TABS(2) OBJECT(.\Objects\main.obj)

line level    source

   1          #include "MatrixLED.h"
   2          #include "Timer0.h"
   3          #include <REGX52.H>
   4          
   5          unsigned char code Animation[]={
   6          0x00, 0x20, 0x7F, 0xF8, 0xB4, 0x02, 0x01, 0x01,
   7          0x00, 0x00, 0x19, 0x3F, 0x7C, 0x57, 0x01, 0x00,
   8          0x00, 0x00, 0x19, 0x3F, 0x7C, 0x57, 0x01, 0x00,
   9          0x00, 0x00, 0x01, 0x02, 0x1C, 0x3C, 0x7B, 0x58,
  10          0x00, 0x00, 0x19, 0x3F, 0x7C, 0x57, 0x01, 0x00,
  11          0x00, 0x20, 0x7F, 0xF8, 0xB4, 0x02, 0x01, 0x01,
  12          0x20, 0x10, 0x20, 0xFF, 0xF8, 0x26, 0x12, 0x08,
  13          0x00, 0xC0, 0x20, 0xFF, 0xFA, 0x24, 0xC0, 0x00,
  14          0x00, 0x00, 0x30, 0x7F, 0xFE, 0xA1, 0x00, 0x00,
  15          0x00, 0x00, 0x20, 0x7F, 0xFA, 0xAC, 0x20, 0x40,
  16          0x00, 0x00, 0x30, 0x7F, 0xF8, 0xB6, 0x00, 0x00,
  17          0x00, 0x00, 0x30, 0x7F, 0xF8, 0xB6, 0x00, 0x00,
  18          0x00, 0x03, 0x24, 0x78, 0xF8, 0xB6, 0x01, 0x00,
  19          0x00, 0x20, 0x7F, 0xF8, 0xB4, 0x02, 0x01, 0x00,
  20          0x00, 0x01, 0x1B, 0x3C, 0x7C, 0x56, 0x01, 0x00,
  21          0x00, 0x00, 0x01, 0x02, 0x1C, 0x3C, 0x7B, 0x58,
  22          0x00, 0x00, 0x19, 0x3E, 0x7C, 0x56, 0x01, 0x00,
  23          0x00, 0x10, 0x3F, 0x7C, 0x5A, 0x01, 0x00, 0x00,
  24          0x00, 0x00, 0x01, 0x02, 0x1C, 0x3C, 0x7B, 0x58,
  25          0x00, 0x00, 0x19, 0x3E, 0x7C, 0x56, 0x01, 0x00,
  26          0x00, 0x20, 0x7F, 0xF8, 0xB4, 0x02, 0x01, 0x00,
  27          0x00, 0x00, 0x19, 0x3E, 0x7C, 0x56, 0x01, 0x00,
  28          0x00, 0x00, 0x01, 0x02, 0x1C, 0x3C, 0x7B, 0x58,
  29          0x00, 0x00, 0x19, 0x3E, 0x7C, 0x56, 0x01, 0x00,
  30          0x00, 0x20, 0x7F, 0xF8, 0xB4, 0x02, 0x01, 0x00,
  31          0x00, 0x00, 0x19, 0x3E, 0x7C, 0x56, 0x01, 0x00,
  32          0x00, 0x00, 0x01, 0x02, 0x1C, 0x3C, 0x7B, 0x58,
  33          0x00, 0x00, 0x19, 0x3E, 0x7C, 0x56, 0x01, 0x00,
  34          0x00, 0x20, 0x7F, 0xF8, 0xB4, 0x02, 0x01, 0x00,
  35          0x00, 0x00, 0x19, 0x3E, 0x7C, 0x56, 0x01, 0x00,
  36          0x00, 0x00, 0x01, 0x02, 0x1C, 0x3C, 0x7B, 0x58,
  37          };
  38          
  39          unsigned char i,offset=0;//count=0;
  40          void main()
  41          {
  42   1        void MatrixLED_Init();
  43   1        Timer0_Init();
  44   1        while(1)
  45   1        {
  46   2          for(i=0;i<8;i++)
  47   2          {
  48   3            MatrixLED_ShowColumn(i,Animation[i+offset]);
  49   3          }
  50   2      //    count++;
  51   2      //    if(count>10);
  52   2      //    {
  53   2      //      count=0;
  54   2      //      offset++;
C51 COMPILER V9.60.7.0   MAIN                                                              04/08/2024 02:19:35 PAGE 2   

  55   2      //      if(offset>32)
  56   2      //      {
  57   2      //        offset=0;
  58   2      //      }
  59   2      //    }
  60   2        }
  61   1      }
  62          void Timer0_Routine() interrupt 1
  63          {
  64   1        static unsigned int T0Count;
  65   1        TH0=0xFC; 
  66   1        TL0=0x66;
  67   1        T0Count++;
  68   1        if(T0Count>=600)
  69   1        {
  70   2          T0Count=0;
  71   2          offset+=8;
  72   2            if(offset>240)
  73   2            {
  74   3              offset=0;
  75   3            }
  76   2        }
  77   1      }


MODULE INFORMATION:   STATIC OVERLAYABLE
   CODE SIZE        =     85    ----
   CONSTANT SIZE    =    248    ----
   XDATA SIZE       =   ----    ----
   PDATA SIZE       =   ----    ----
   DATA SIZE        =      4    ----
   IDATA SIZE       =   ----    ----
   BIT SIZE         =   ----    ----
END OF MODULE INFORMATION.


C51 COMPILATION COMPLETE.  0 WARNING(S),  0 ERROR(S)
