C51 COMPILER V9.60.7.0   MATRIXLED                                                         04/08/2024 01:01:49 PAGE 1   


C51 COMPILER V9.60.7.0, COMPILATION OF MODULE MATRIXLED
OBJECT MODULE PLACED IN .\Objects\MatrixLED.obj
COMPILER INVOKED BY: F:\Embedded Development\EKIL51\C51\BIN\C51.EXE MatrixLED.c OPTIMIZE(8,SPEED) BROWSE DEBUG OBJECTEXT
                    -END PRINT(.\Listings\MatrixLED.lst) TABS(2) OBJECT(.\Objects\MatrixLED.obj)

line level    source

   1          #include <REGX52.H>
   2          #include "Delay.h"
   3          
   4          sbit RCK=P3^5;  //RCLK
   5          sbit SCK=P3^6;  //SRCLK
   6          sbit SER=P3^4;  //SER
   7          
   8          #define MATRIXAD_LED_PORT     P0
   9          void _74HC595_WriteByte(unsigned char Byte)
  10          {
  11   1        unsigned char i;
  12   1        for(i=0;i<8;i++)
  13   1        {
  14   2          SER=Byte>>7;
  15   2          Byte<<=1;
  16   2          SCK=0;
  17   2          //Delay(1);
  18   2          SCK=1;
  19   2          //Delay(1);
  20   2        }
  21   1        RCK=0;
  22   1        //Delay(1);
  23   1        RCK=1;
  24   1      }
  25          
  26          void MatrixLED_Init()
  27          {
  28   1        SCK=0;
  29   1        RCK=0;
  30   1      }
  31          /*
  32          * @brief    LED点阵屏显示一列数据
  33          * @param    Column 要选择的列，范围0~7，0在最左
  34          * @param   Data 要选择的列显示的数据，高位在上，1为亮，0为灭
  35          * @retval   无
  36          */
  37          void MatrixLED_ShowColumn(unsigned char Column,Data)
  38          {
  39   1        _74HC595_WriteByte(Data);
  40   1        MATRIXAD_LED_PORT=~(0x80>>Column);
  41   1        Delay(1);
  42   1        MATRIXAD_LED_PORT=0xFF;
  43   1        
  44   1      }


MODULE INFORMATION:   STATIC OVERLAYABLE
   CODE SIZE        =     69    ----
   CONSTANT SIZE    =   ----    ----
   XDATA SIZE       =   ----    ----
   PDATA SIZE       =   ----    ----
   DATA SIZE        =   ----    ----
   IDATA SIZE       =   ----    ----
   BIT SIZE         =   ----    ----
C51 COMPILER V9.60.7.0   MATRIXLED                                                         04/08/2024 01:01:49 PAGE 2   

END OF MODULE INFORMATION.


C51 COMPILATION COMPLETE.  0 WARNING(S),  0 ERROR(S)
