C51 COMPILER V9.60.7.0   MAIN                                                              03/26/2024 16:00:35 PAGE 1   


C51 COMPILER V9.60.7.0, COMPILATION OF MODULE MAIN
OBJECT MODULE PLACED IN .\Objects\main.obj
COMPILER INVOKED BY: F:\Embedded Development\EKIL51\C51\BIN\C51.EXE main.c OPTIMIZE(8,SPEED) BROWSE DEBUG OBJECTEXTEND P
                    -RINT(.\Listings\main.lst) TABS(2) OBJECT(.\Objects\main.obj)

line level    source

   1          #include <REGX52.H>
   2          #include "Delay.h"
   3          #include "Timer0.h"
   4          #include "LCD1602.h"
   5          #include "Key.h"
   6          
   7          unsigned char Sec,Min,Hour,KeyNumber;
   8          
   9          void main()
  10          {
  11   1        LCD_Init();
  12   1        Timer0_Init();
  13   1        
  14   1        LCD_ShowString(1,1,"Clock:");
  15   1        LCD_ShowString(2,3,":");
  16   1        LCD_ShowString(2,6,":");
  17   1      
  18   1        while(1)
  19   1        {
  20   2          KeyNumber=Key();
*** WARNING C206 IN LINE 20 OF main.c: 'Key': missing function-prototype
  21   2          LCD_ShowNum(2,7,Sec,2);
  22   2          LCD_ShowNum(2,4,Min,2);
  23   2          LCD_ShowNum(2,1,Hour,2);
  24   2          if(KeyNumber==1){Hour++;if(Hour>=24)Hour=0;}
  25   2          if(KeyNumber==2){Min++;if(Min>=60){Min=0;Hour++;}}
  26   2          if(KeyNumber==3){Sec++;if(Sec>=60){Sec=0;Min++;}}
  27   2        }
  28   1      }
  29          
  30          
  31          void Timer0_Routine() interrupt 1
  32          {
  33   1        static unsigned int T0Count;
  34   1        TH0=0xFC; 
  35   1        TL0=0x66;
  36   1        T0Count++;
  37   1        if(T0Count>=1000)
  38   1        {
  39   2          T0Count=0;
  40   2          Sec++;
  41   2          if(Sec>=60)
  42   2          {
  43   3            Sec=0;
  44   3            Min++;
  45   3            if(Min>=60)
  46   3            {
  47   4              Min=0;
  48   4              Hour++;
  49   4              if(Hour>=24)Hour=0;
  50   4            }
  51   3          }
  52   2        }
  53   1      }
C51 COMPILER V9.60.7.0   MAIN                                                              03/26/2024 16:00:35 PAGE 2   



MODULE INFORMATION:   STATIC OVERLAYABLE
   CODE SIZE        =    223    ----
   CONSTANT SIZE    =      9    ----
   XDATA SIZE       =   ----    ----
   PDATA SIZE       =   ----    ----
   DATA SIZE        =      6    ----
   IDATA SIZE       =   ----    ----
   BIT SIZE         =   ----    ----
END OF MODULE INFORMATION.


C51 COMPILATION COMPLETE.  1 WARNING(S),  0 ERROR(S)
